\BOOKMARK [1][-]{section.1}{Summary and Motivation}{}% 1
\BOOKMARK [1][-]{section.2}{Dataset}{}% 2
\BOOKMARK [1][-]{section.3}{Method}{}% 3
\BOOKMARK [2][-]{subsection.3.1}{Question 1}{section.3}% 4
\BOOKMARK [3][-]{subsubsection.3.1.1}{How did you manipulate the data to prepare it for analysis?}{subsection.3.1}% 5
\BOOKMARK [3][-]{subsubsection.3.1.2}{How did you handle missing, incomplete, or noisy data?}{subsection.3.1}% 6
\BOOKMARK [3][-]{subsubsection.3.1.3}{What challenges did you encounter and how did you solve them?}{subsection.3.1}% 7
\BOOKMARK [2][-]{subsection.3.2}{Question 2}{section.3}% 8
\BOOKMARK [3][-]{subsubsection.3.2.1}{How did you manipulate the data to prepare it for analysis?}{subsection.3.2}% 9
\BOOKMARK [3][-]{subsubsection.3.2.2}{How did you handle missing, incomplete, or noisy data?}{subsection.3.2}% 10
\BOOKMARK [3][-]{subsubsection.3.2.3}{What challenges did you encounter and how did you solve them?}{subsection.3.2}% 11
\BOOKMARK [2][-]{subsection.3.3}{Question 3}{section.3}% 12
\BOOKMARK [3][-]{subsubsection.3.3.1}{How did you manipulate the data to prepare it for analysis?}{subsection.3.3}% 13
\BOOKMARK [3][-]{subsubsection.3.3.2}{How did you handle missing, incomplete, or noisy data?}{subsection.3.3}% 14
\BOOKMARK [3][-]{subsubsection.3.3.3}{What challenges did you encounter and how did you solve them?}{subsection.3.3}% 15
\BOOKMARK [1][-]{section.4}{Analysis and Results}{}% 16
\BOOKMARK [2][-]{subsection.4.1}{Question 1}{section.4}% 17
\BOOKMARK [2][-]{subsection.4.2}{Question 2}{section.4}% 18
\BOOKMARK [2][-]{subsection.4.3}{Question 3}{section.4}% 19
\BOOKMARK [1][-]{section.5}{Conclusion}{}% 20
